11:59:34.560 [main] DEBUG org.apache.poi.openxml4j.opc.ZipPackage - Save part 'xl/worksheets/sheet3.xml'
11:59:35.175 [main] DEBUG org.apache.poi.openxml4j.opc.PackageRelationshipCollection - Parsing relationship: /xl/_rels/workbook.xml.rels
11:59:35.177 [main] DEBUG org.apache.poi.openxml4j.opc.PackageRelationshipCollection - Parsing relationship: /xl/worksheets/_rels/sheet1.xml.rels
11:59:35.178 [main] DEBUG org.apache.poi.openxml4j.opc.PackageRelationshipCollection - Parsing relationship: /_rels/.rels
11:59:35.192 [main] DEBUG org.apache.poi.ooxml.POIXMLFactory - using default POIXMLDocumentPart for http://schemas.openxmlformats.org/officeDocument/2006/relationships/printerSettings
11:59:35.220 [main] DEBUG org.apache.poi.openxml4j.opc.ZipPackage - Save content types part
11:59:35.223 [main] DEBUG org.apache.poi.openxml4j.opc.ZipPackage - Save package relationships
11:59:35.225 [main] DEBUG org.apache.poi.openxml4j.opc.ZipPackage - Save part 'docProps/app.xml'
11:59:35.226 [main] DEBUG org.apache.poi.openxml4j.opc.ZipPackage - Save part 'docProps/core.xml'
11:59:35.229 [main] DEBUG org.apache.poi.openxml4j.opc.ZipPackage - Save part 'xl/printerSettings/printerSettings1.bin'
11:59:35.230 [main] DEBUG org.apache.poi.openxml4j.opc.ZipPackage - Save part 'xl/sharedStrings.xml'
11:59:35.231 [main] DEBUG org.apache.poi.openxml4j.opc.ZipPackage - Save part 'xl/styles.xml'
11:59:35.232 [main] DEBUG org.apache.poi.openxml4j.opc.ZipPackage - Save part 'xl/theme/theme1.xml'
11:59:35.233 [main] DEBUG org.apache.poi.openxml4j.opc.ZipPackage - Save part 'xl/workbook.xml'
11:59:35.236 [main] DEBUG org.apache.poi.openxml4j.opc.ZipPackage - Save part 'xl/worksheets/sheet1.xml'
11:59:35.247 [main] DEBUG org.apache.poi.openxml4j.opc.ZipPackage - Save part 'xl/worksheets/sheet2.xml'
11:59:35.248 [main] DEBUG org.apache.poi.openxml4j.opc.ZipPackage - Save part 'xl/worksheets/sheet3.xml'
11:59:35.663 [main] DEBUG org.apache.poi.openxml4j.opc.PackageRelationshipCollection - Parsing relationship: /xl/_rels/workbook.xml.rels
11:59:35.665 [main] DEBUG org.apache.poi.openxml4j.opc.PackageRelationshipCollection - Parsing relationship: /xl/worksheets/_rels/sheet1.xml.rels
11:59:35.666 [main] DEBUG org.apache.poi.openxml4j.opc.PackageRelationshipCollection - Parsing relationship: /_rels/.rels
11:59:35.678 [main] DEBUG org.apache.poi.ooxml.POIXMLFactory - using default POIXMLDocumentPart for http://schemas.openxmlformats.org/officeDocument/2006/relationships/printerSettings
11:59:35.708 [main] DEBUG org.apache.poi.openxml4j.opc.ZipPackage - Save content types part
11:59:35.710 [main] DEBUG org.apache.poi.openxml4j.opc.ZipPackage - Save package relationships
11:59:35.712 [main] DEBUG org.apache.poi.openxml4j.opc.ZipPackage - Save part 'docProps/app.xml'
11:59:35.713 [main] DEBUG org.apache.poi.openxml4j.opc.ZipPackage - Save part 'docProps/core.xml'
11:59:35.715 [main] DEBUG org.apache.poi.openxml4j.opc.ZipPackage - Save part 'xl/printerSettings/printerSettings1.bin'
11:59:35.716 [main] DEBUG org.apache.poi.openxml4j.opc.ZipPackage - Save part 'xl/sharedStrings.xml'
11:59:35.719 [main] DEBUG org.apache.poi.openxml4j.opc.ZipPackage - Save part 'xl/styles.xml'
11:59:35.720 [main] DEBUG org.apache.poi.openxml4j.opc.ZipPackage - Save part 'xl/theme/theme1.xml'
11:59:35.721 [main] DEBUG org.apache.poi.openxml4j.opc.ZipPackage - Save part 'xl/workbook.xml'
11:59:35.724 [main] DEBUG org.apache.poi.openxml4j.opc.ZipPackage - Save part 'xl/worksheets/sheet1.xml'
11:59:35.728 [main] DEBUG org.apache.poi.openxml4j.opc.ZipPackage - Save part 'xl/worksheets/sheet2.xml'
11:59:35.728 [main] DEBUG org.apache.poi.openxml4j.opc.ZipPackage - Save part 'xl/worksheets/sheet3.xml'
11:59:36.117 [main] DEBUG org.apache.poi.openxml4j.opc.PackageRelationshipCollection - Parsing relationship: /xl/_rels/workbook.xml.rels
11:59:36.119 [main] DEBUG org.apache.poi.openxml4j.opc.PackageRelationshipCollection - Parsing relationship: /xl/worksheets/_rels/sheet1.xml.rels
11:59:36.120 [main] DEBUG org.apache.poi.openxml4j.opc.PackageRelationshipCollection - Parsing relationship: /_rels/.rels
11:59:36.132 [main] DEBUG org.apache.poi.ooxml.POIXMLFactory - using default POIXMLDocumentPart for http://schemas.openxmlformats.org/officeDocument/2006/relationships/printerSettings
11:59:36.164 [main] DEBUG org.apache.poi.openxml4j.opc.ZipPackage - Save content types part
11:59:36.166 [main] DEBUG org.apache.poi.openxml4j.opc.ZipPackage - Save package relationships
11:59:36.170 [main] DEBUG org.apache.poi.openxml4j.opc.ZipPackage - Save part 'docProps/app.xml'
11:59:36.172 [main] DEBUG org.apache.poi.openxml4j.opc.ZipPackage - Save part 'docProps/core.xml'
11:59:36.175 [main] DEBUG org.apache.poi.openxml4j.opc.ZipPackage - Save part 'xl/printerSettings/printerSettings1.bin'
11:59:36.176 [main] DEBUG org.apache.poi.openxml4j.opc.ZipPackage - Save part 'xl/sharedStrings.xml'
11:59:36.177 [main] DEBUG org.apache.poi.openxml4j.opc.ZipPackage - Save part 'xl/styles.xml'
11:59:36.178 [main] DEBUG org.apache.poi.openxml4j.opc.ZipPackage - Save part 'xl/theme/theme1.xml'
11:59:36.179 [main] DEBUG org.apache.poi.openxml4j.opc.ZipPackage - Save part 'xl/workbook.xml'
11:59:36.182 [main] DEBUG org.apache.poi.openxml4j.opc.ZipPackage - Save part 'xl/worksheets/sheet1.xml'
11:59:36.187 [main] DEBUG org.apache.poi.openxml4j.opc.ZipPackage - Save part 'xl/worksheets/sheet2.xml'
11:59:36.188 [main] DEBUG org.apache.poi.openxml4j.opc.ZipPackage - Save part 'xl/worksheets/sheet3.xml'
11:59:36.369 [main] DEBUG org.apache.poi.openxml4j.opc.PackageRelationshipCollection - Parsing relationship: /xl/_rels/workbook.xml.rels
11:59:36.370 [main] DEBUG org.apache.poi.openxml4j.opc.PackageRelationshipCollection - Parsing relationship: /xl/worksheets/_rels/sheet1.xml.rels
11:59:36.372 [main] DEBUG org.apache.poi.openxml4j.opc.PackageRelationshipCollection - Parsing relationship: /_rels/.rels
11:59:36.384 [main] DEBUG org.apache.poi.ooxml.POIXMLFactory - using default POIXMLDocumentPart for http://schemas.openxmlformats.org/officeDocument/2006/relationships/printerSettings
11:59:36.411 [main] DEBUG org.apache.poi.openxml4j.opc.ZipPackage - Save content types part
11:59:36.414 [main] DEBUG org.apache.poi.openxml4j.opc.ZipPackage - Save package relationships
11:59:36.417 [main] DEBUG org.apache.poi.openxml4j.opc.ZipPackage - Save part 'docProps/app.xml'
11:59:36.418 [main] DEBUG org.apache.poi.openxml4j.opc.ZipPackage - Save part 'docProps/core.xml'
11:59:36.421 [main] DEBUG org.apache.poi.openxml4j.opc.ZipPackage - Save part 'xl/printerSettings/printerSettings1.bin'
11:59:36.422 [main] DEBUG org.apache.poi.openxml4j.opc.ZipPackage - Save part 'xl/sharedStrings.xml'
11:59:36.423 [main] DEBUG org.apache.poi.openxml4j.opc.ZipPackage - Save part 'xl/styles.xml'
11:59:36.424 [main] DEBUG org.apache.poi.openxml4j.opc.ZipPackage - Save part 'xl/theme/theme1.xml'
11:59:36.425 [main] DEBUG org.apache.poi.openxml4j.opc.ZipPackage - Save part 'xl/workbook.xml'
11:59:36.427 [main] DEBUG org.apache.poi.openxml4j.opc.ZipPackage - Save part 'xl/worksheets/sheet1.xml'
11:59:36.430 [main] DEBUG org.apache.poi.openxml4j.opc.ZipPackage - Save part 'xl/worksheets/sheet2.xml'
11:59:36.430 [main] DEBUG org.apache.poi.openxml4j.opc.ZipPackage - Save part 'xl/worksheets/sheet3.xml'
11:59:36.815 [main] DEBUG org.apache.poi.openxml4j.opc.PackageRelationshipCollection - Parsing relationship: /xl/_rels/workbook.xml.rels
11:59:36.816 [main] DEBUG org.apache.poi.openxml4j.opc.PackageRelationshipCollection - Parsing relationship: /xl/worksheets/_rels/sheet1.xml.rels
11:59:36.818 [main] DEBUG org.apache.poi.openxml4j.opc.PackageRelationshipCollection - Parsing relationship: /_rels/.rels
11:59:36.832 [main] DEBUG org.apache.poi.ooxml.POIXMLFactory - using default POIXMLDocumentPart for http://schemas.openxmlformats.org/officeDocument/2006/relationships/printerSettings
11:59:36.863 [main] DEBUG org.apache.poi.openxml4j.opc.ZipPackage - Save content types part
11:59:36.866 [main] DEBUG org.apache.poi.openxml4j.opc.ZipPackage - Save package relationships
11:59:36.869 [main] DEBUG org.apache.poi.openxml4j.opc.ZipPackage - Save part 'docProps/app.xml'
11:59:36.870 [main] DEBUG org.apache.poi.openxml4j.opc.ZipPackage - Save part 'docProps/core.xml'
11:59:36.873 [main] DEBUG org.apache.poi.openxml4j.opc.ZipPackage - Save part 'xl/printerSettings/printerSettings1.bin'
11:59:36.875 [main] DEBUG org.apache.poi.openxml4j.opc.ZipPackage - Save part 'xl/sharedStrings.xml'
11:59:36.875 [main] DEBUG org.apache.poi.openxml4j.opc.ZipPackage - Save part 'xl/styles.xml'
11:59:36.876 [main] DEBUG org.apache.poi.openxml4j.opc.ZipPackage - Save part 'xl/theme/theme1.xml'
11:59:36.877 [main] DEBUG org.apache.poi.openxml4j.opc.ZipPackage - Save part 'xl/workbook.xml'
11:59:36.880 [main] DEBUG org.apache.poi.openxml4j.opc.ZipPackage - Save part 'xl/worksheets/sheet1.xml'
11:59:36.883 [main] DEBUG org.apache.poi.openxml4j.opc.ZipPackage - Save part 'xl/worksheets/sheet2.xml'
11:59:36.884 [main] DEBUG org.apache.poi.openxml4j.opc.ZipPackage - Save part 'xl/worksheets/sheet3.xml'
11:59:37.577 [main] DEBUG org.apache.poi.openxml4j.opc.PackageRelationshipCollection - Parsing relationship: /xl/_rels/workbook.xml.rels
11:59:37.578 [main] DEBUG org.apache.poi.openxml4j.opc.PackageRelationshipCollection - Parsing relationship: /xl/worksheets/_rels/sheet1.xml.rels
11:59:37.579 [main] DEBUG org.apache.poi.openxml4j.opc.PackageRelationshipCollection - Parsing relationship: /_rels/.rels
11:59:37.592 [main] DEBUG org.apache.poi.ooxml.POIXMLFactory - using default POIXMLDocumentPart for http://schemas.openxmlformats.org/officeDocument/2006/relationships/printerSettings
11:59:37.620 [main] DEBUG org.apache.poi.openxml4j.opc.ZipPackage - Save content types part
11:59:37.623 [main] DEBUG org.apache.poi.openxml4j.opc.ZipPackage - Save package relationships
11:59:37.625 [main] DEBUG org.apache.poi.openxml4j.opc.ZipPackage - Save part 'docProps/app.xml'
11:59:37.626 [main] DEBUG org.apache.poi.openxml4j.opc.ZipPackage - Save part 'docProps/core.xml'
11:59:37.629 [main] DEBUG org.apache.poi.openxml4j.opc.ZipPackage - Save part 'xl/printerSettings/printerSettings1.bin'
11:59:37.629 [main] DEBUG org.apache.poi.openxml4j.opc.ZipPackage - Save part 'xl/sharedStrings.xml'
11:59:37.631 [main] DEBUG org.apache.poi.openxml4j.opc.ZipPackage - Save part 'xl/styles.xml'
11:59:37.631 [main] DEBUG org.apache.poi.openxml4j.opc.ZipPackage - Save part 'xl/theme/theme1.xml'
11:59:37.633 [main] DEBUG org.apache.poi.openxml4j.opc.ZipPackage - Save part 'xl/workbook.xml'
11:59:37.637 [main] DEBUG org.apache.poi.openxml4j.opc.ZipPackage - Save part 'xl/worksheets/sheet1.xml'
11:59:37.644 [main] DEBUG org.apache.poi.openxml4j.opc.ZipPackage - Save part 'xl/worksheets/sheet2.xml'
11:59:37.645 [main] DEBUG org.apache.poi.openxml4j.opc.ZipPackage - Save part 'xl/worksheets/sheet3.xml'
11:59:37.830 [main] DEBUG org.apache.poi.openxml4j.opc.PackageRelationshipCollection - Parsing relationship: /xl/_rels/workbook.xml.rels
11:59:37.831 [main] DEBUG org.apache.poi.openxml4j.opc.PackageRelationshipCollection - Parsing relationship: /xl/worksheets/_rels/sheet1.xml.rels
11:59:37.835 [main] DEBUG org.apache.poi.openxml4j.opc.PackageRelationshipCollection - Parsing relationship: /_rels/.rels
11:59:37.847 [main] DEBUG org.apache.poi.ooxml.POIXMLFactory - using default POIXMLDocumentPart for http://schemas.openxmlformats.org/officeDocument/2006/relationships/printerSettings
11:59:37.874 [main] DEBUG org.apache.poi.openxml4j.opc.ZipPackage - Save content types part
11:59:37.877 [main] DEBUG org.apache.poi.openxml4j.opc.ZipPackage - Save package relationships
11:59:37.879 [main] DEBUG org.apache.poi.openxml4j.opc.ZipPackage - Save part 'docProps/app.xml'
11:59:37.880 [main] DEBUG org.apache.poi.openxml4j.opc.ZipPackage - Save part 'docProps/core.xml'
11:59:37.882 [main] DEBUG org.apache.poi.openxml4j.opc.ZipPackage - Save part 'xl/printerSettings/printerSettings1.bin'
11:59:37.885 [main] DEBUG org.apache.poi.openxml4j.opc.ZipPackage - Save part 'xl/sharedStrings.xml'
11:59:37.886 [main] DEBUG org.apache.poi.openxml4j.opc.ZipPackage - Save part 'xl/styles.xml'
11:59:37.886 [main] DEBUG org.apache.poi.openxml4j.opc.ZipPackage - Save part 'xl/theme/theme1.xml'
11:59:37.889 [main] DEBUG org.apache.poi.openxml4j.opc.ZipPackage - Save part 'xl/workbook.xml'
11:59:37.892 [main] DEBUG org.apache.poi.openxml4j.opc.ZipPackage - Save part 'xl/worksheets/sheet1.xml'
11:59:37.895 [main] DEBUG org.apache.poi.openxml4j.opc.ZipPackage - Save part 'xl/worksheets/sheet2.xml'
11:59:37.896 [main] DEBUG org.apache.poi.openxml4j.opc.ZipPackage - Save part 'xl/worksheets/sheet3.xml'
11:59:38.011 [main] DEBUG org.apache.poi.openxml4j.opc.PackageRelationshipCollection - Parsing relationship: /xl/_rels/workbook.xml.rels
11:59:38.013 [main] DEBUG org.apache.poi.openxml4j.opc.PackageRelationshipCollection - Parsing relationship: /xl/worksheets/_rels/sheet1.xml.rels
11:59:38.014 [main] DEBUG org.apache.poi.openxml4j.opc.PackageRelationshipCollection - Parsing relationship: /_rels/.rels
11:59:38.025 [main] DEBUG org.apache.poi.ooxml.POIXMLFactory - using default POIXMLDocumentPart for http://schemas.openxmlformats.org/officeDocument/2006/relationships/printerSettings
11:59:38.055 [main] DEBUG org.apache.poi.openxml4j.opc.ZipPackage - Save content types part
11:59:38.058 [main] DEBUG org.apache.poi.openxml4j.opc.ZipPackage - Save package relationships
11:59:38.060 [main] DEBUG org.apache.poi.openxml4j.opc.ZipPackage - Save part 'docProps/app.xml'
11:59:38.061 [main] DEBUG org.apache.poi.openxml4j.opc.ZipPackage - Save part 'docProps/core.xml'
11:59:38.064 [main] DEBUG org.apache.poi.openxml4j.opc.ZipPackage - Save part 'xl/printerSettings/printerSettings1.bin'
11:59:38.065 [main] DEBUG org.apache.poi.openxml4j.opc.ZipPackage - Save part 'xl/sharedStrings.xml'
11:59:38.065 [main] DEBUG org.apache.poi.openxml4j.opc.ZipPackage - Save part 'xl/styles.xml'
11:59:38.069 [main] DEBUG org.apache.poi.openxml4j.opc.ZipPackage - Save part 'xl/theme/theme1.xml'
11:59:38.070 [main] DEBUG org.apache.poi.openxml4j.opc.ZipPackage - Save part 'xl/workbook.xml'
11:59:38.074 [main] DEBUG org.apache.poi.openxml4j.opc.ZipPackage - Save part 'xl/worksheets/sheet1.xml'
11:59:38.076 [main] DEBUG org.apache.poi.openxml4j.opc.ZipPackage - Save part 'xl/worksheets/sheet2.xml'
11:59:38.077 [main] DEBUG org.apache.poi.openxml4j.opc.ZipPackage - Save part 'xl/worksheets/sheet3.xml'
11:59:38.303 [main] DEBUG org.apache.poi.openxml4j.opc.PackageRelationshipCollection - Parsing relationship: /xl/_rels/workbook.xml.rels
11:59:38.304 [main] DEBUG org.apache.poi.openxml4j.opc.PackageRelationshipCollection - Parsing relationship: /xl/worksheets/_rels/sheet1.xml.rels
11:59:38.305 [main] DEBUG org.apache.poi.openxml4j.opc.PackageRelationshipCollection - Parsing relationship: /_rels/.rels
11:59:38.317 [main] DEBUG org.apache.poi.ooxml.POIXMLFactory - using default POIXMLDocumentPart for http://schemas.openxmlformats.org/officeDocument/2006/relationships/printerSettings
11:59:38.345 [main] DEBUG org.apache.poi.openxml4j.opc.ZipPackage - Save content types part
11:59:38.348 [main] DEBUG org.apache.poi.openxml4j.opc.ZipPackage - Save package relationships
11:59:38.351 [main] DEBUG org.apache.poi.openxml4j.opc.ZipPackage - Save part 'docProps/app.xml'
11:59:38.351 [main] DEBUG org.apache.poi.openxml4j.opc.ZipPackage - Save part 'docProps/core.xml'
11:59:38.355 [main] DEBUG org.apache.poi.openxml4j.opc.ZipPackage - Save part 'xl/printerSettings/printerSettings1.bin'
11:59:38.355 [main] DEBUG org.apache.poi.openxml4j.opc.ZipPackage - Save part 'xl/sharedStrings.xml'
11:59:38.356 [main] DEBUG org.apache.poi.openxml4j.opc.ZipPackage - Save part 'xl/styles.xml'
11:59:38.357 [main] DEBUG org.apache.poi.openxml4j.opc.ZipPackage - Save part 'xl/theme/theme1.xml'
11:59:38.358 [main] DEBUG org.apache.poi.openxml4j.opc.ZipPackage - Save part 'xl/workbook.xml'
11:59:38.360 [main] DEBUG org.apache.poi.openxml4j.opc.ZipPackage - Save part 'xl/worksheets/sheet1.xml'
11:59:38.363 [main] DEBUG org.apache.poi.openxml4j.opc.ZipPackage - Save part 'xl/worksheets/sheet2.xml'
11:59:38.364 [main] DEBUG org.apache.poi.openxml4j.opc.ZipPackage - Save part 'xl/worksheets/sheet3.xml'
11:59:38.546 [main] DEBUG org.apache.poi.openxml4j.opc.PackageRelationshipCollection - Parsing relationship: /xl/_rels/workbook.xml.rels
11:59:38.548 [main] DEBUG org.apache.poi.openxml4j.opc.PackageRelationshipCollection - Parsing relationship: /xl/worksheets/_rels/sheet1.xml.rels
11:59:38.549 [main] DEBUG org.apache.poi.openxml4j.opc.PackageRelationshipCollection - Parsing relationship: /_rels/.rels
11:59:38.561 [main] DEBUG org.apache.poi.ooxml.POIXMLFactory - using default POIXMLDocumentPart for http://schemas.openxmlformats.org/officeDocument/2006/relationships/printerSettings
11:59:38.597 [main] DEBUG org.apache.poi.openxml4j.opc.ZipPackage - Save content types part
11:59:38.603 [main] DEBUG org.apache.poi.openxml4j.opc.ZipPackage - Save package relationships
11:59:38.606 [main] DEBUG org.apache.poi.openxml4j.opc.ZipPackage - Save part 'docProps/app.xml'
11:59:38.607 [main] DEBUG org.apache.poi.openxml4j.opc.ZipPackage - Save part 'docProps/core.xml'
11:59:38.609 [main] DEBUG org.apache.poi.openxml4j.opc.ZipPackage - Save part 'xl/printerSettings/printerSettings1.bin'
11:59:38.610 [main] DEBUG org.apache.poi.openxml4j.opc.ZipPackage - Save part 'xl/sharedStrings.xml'
11:59:38.611 [main] DEBUG org.apache.poi.openxml4j.opc.ZipPackage - Save part 'xl/styles.xml'
11:59:38.612 [main] DEBUG org.apache.poi.openxml4j.opc.ZipPackage - Save part 'xl/theme/theme1.xml'
11:59:38.614 [main] DEBUG org.apache.poi.openxml4j.opc.ZipPackage - Save part 'xl/workbook.xml'
11:59:38.620 [main] DEBUG org.apache.poi.openxml4j.opc.ZipPackage - Save part 'xl/worksheets/sheet1.xml'
11:59:38.623 [main] DEBUG org.apache.poi.openxml4j.opc.ZipPackage - Save part 'xl/worksheets/sheet2.xml'
11:59:38.624 [main] DEBUG org.apache.poi.openxml4j.opc.ZipPackage - Save part 'xl/worksheets/sheet3.xml'
11:59:38.795 [main] DEBUG org.apache.poi.openxml4j.opc.PackageRelationshipCollection - Parsing relationship: /xl/_rels/workbook.xml.rels
11:59:38.796 [main] DEBUG org.apache.poi.openxml4j.opc.PackageRelationshipCollection - Parsing relationship: /xl/worksheets/_rels/sheet1.xml.rels
11:59:38.797 [main] DEBUG org.apache.poi.openxml4j.opc.PackageRelationshipCollection - Parsing relationship: /_rels/.rels
11:59:38.809 [main] DEBUG org.apache.poi.ooxml.POIXMLFactory - using default POIXMLDocumentPart for http://schemas.openxmlformats.org/officeDocument/2006/relationships/printerSettings
11:59:38.838 [main] DEBUG org.apache.poi.openxml4j.opc.ZipPackage - Save content types part
11:59:38.841 [main] DEBUG org.apache.poi.openxml4j.opc.ZipPackage - Save package relationships
11:59:38.843 [main] DEBUG org.apache.poi.openxml4j.opc.ZipPackage - Save part 'docProps/app.xml'
11:59:38.843 [main] DEBUG org.apache.poi.openxml4j.opc.ZipPackage - Save part 'docProps/core.xml'
11:59:38.846 [main] DEBUG org.apache.poi.openxml4j.opc.ZipPackage - Save part 'xl/printerSettings/printerSettings1.bin'
11:59:38.847 [main] DEBUG org.apache.poi.openxml4j.opc.ZipPackage - Save part 'xl/sharedStrings.xml'
11:59:38.847 [main] DEBUG org.apache.poi.openxml4j.opc.ZipPackage - Save part 'xl/styles.xml'
11:59:38.850 [main] DEBUG org.apache.poi.openxml4j.opc.ZipPackage - Save part 'xl/theme/theme1.xml'
11:59:38.852 [main] DEBUG org.apache.poi.openxml4j.opc.ZipPackage - Save part 'xl/workbook.xml'
11:59:38.856 [main] DEBUG org.apache.poi.openxml4j.opc.ZipPackage - Save part 'xl/worksheets/sheet1.xml'
11:59:38.859 [main] DEBUG org.apache.poi.openxml4j.opc.ZipPackage - Save part 'xl/worksheets/sheet2.xml'
11:59:38.860 [main] DEBUG org.apache.poi.openxml4j.opc.ZipPackage - Save part 'xl/worksheets/sheet3.xml'
12:00:10.674 [main] DEBUG org.apache.poi.openxml4j.opc.PackageRelationshipCollection - Parsing relationship: /xl/_rels/workbook.xml.rels
12:00:10.675 [main] DEBUG org.apache.poi.openxml4j.opc.PackageRelationshipCollection - Parsing relationship: /xl/worksheets/_rels/sheet1.xml.rels
12:00:10.677 [main] DEBUG org.apache.poi.openxml4j.opc.PackageRelationshipCollection - Parsing relationship: /_rels/.rels
12:00:10.687 [main] DEBUG org.apache.poi.ooxml.POIXMLFactory - using default POIXMLDocumentPart for http://schemas.openxmlformats.org/officeDocument/2006/relationships/printerSettings
12:00:10.718 [main] DEBUG org.apache.poi.openxml4j.opc.ZipPackage - Save content types part
12:00:10.721 [main] DEBUG org.apache.poi.openxml4j.opc.ZipPackage - Save package relationships
12:00:10.725 [main] DEBUG org.apache.poi.openxml4j.opc.ZipPackage - Save part 'docProps/app.xml'
12:00:10.726 [main] DEBUG org.apache.poi.openxml4j.opc.ZipPackage - Save part 'docProps/core.xml'
12:00:10.729 [main] DEBUG org.apache.poi.openxml4j.opc.ZipPackage - Save part 'xl/printerSettings/printerSettings1.bin'
12:00:10.729 [main] DEBUG org.apache.poi.openxml4j.opc.ZipPackage - Save part 'xl/sharedStrings.xml'
12:00:10.730 [main] DEBUG org.apache.poi.openxml4j.opc.ZipPackage - Save part 'xl/styles.xml'
12:00:10.731 [main] DEBUG org.apache.poi.openxml4j.opc.ZipPackage - Save part 'xl/theme/theme1.xml'
12:00:10.732 [main] DEBUG org.apache.poi.openxml4j.opc.ZipPackage - Save part 'xl/workbook.xml'
12:00:10.735 [main] DEBUG org.apache.poi.openxml4j.opc.ZipPackage - Save part 'xl/worksheets/sheet1.xml'
12:00:10.738 [main] DEBUG org.apache.poi.openxml4j.opc.ZipPackage - Save part 'xl/worksheets/sheet2.xml'
12:00:10.740 [main] DEBUG org.apache.poi.openxml4j.opc.ZipPackage - Save part 'xl/worksheets/sheet3.xml'
12:02:00.645 [main] DEBUG org.apache.poi.openxml4j.opc.PackageRelationshipCollection - Parsing relationship: /xl/_rels/workbook.xml.rels
12:02:00.646 [main] DEBUG org.apache.poi.openxml4j.opc.PackageRelationshipCollection - Parsing relationship: /xl/worksheets/_rels/sheet1.xml.rels
12:02:00.647 [main] DEBUG org.apache.poi.openxml4j.opc.PackageRelationshipCollection - Parsing relationship: /_rels/.rels
12:02:00.659 [main] DEBUG org.apache.poi.ooxml.POIXMLFactory - using default POIXMLDocumentPart for http://schemas.openxmlformats.org/officeDocument/2006/relationships/printerSettings
12:02:00.688 [main] DEBUG org.apache.poi.openxml4j.opc.ZipPackage - Save content types part
12:02:00.692 [main] DEBUG org.apache.poi.openxml4j.opc.ZipPackage - Save package relationships
12:02:00.694 [main] DEBUG org.apache.poi.openxml4j.opc.ZipPackage - Save part 'docProps/app.xml'
12:02:00.695 [main] DEBUG org.apache.poi.openxml4j.opc.ZipPackage - Save part 'docProps/core.xml'
12:02:00.698 [main] DEBUG org.apache.poi.openxml4j.opc.ZipPackage - Save part 'xl/printerSettings/printerSettings1.bin'
12:02:00.699 [main] DEBUG org.apache.poi.openxml4j.opc.ZipPackage - Save part 'xl/sharedStrings.xml'
12:02:00.699 [main] DEBUG org.apache.poi.openxml4j.opc.ZipPackage - Save part 'xl/styles.xml'
12:02:00.700 [main] DEBUG org.apache.poi.openxml4j.opc.ZipPackage - Save part 'xl/theme/theme1.xml'
12:02:00.701 [main] DEBUG org.apache.poi.openxml4j.opc.ZipPackage - Save part 'xl/workbook.xml'
12:02:00.704 [main] DEBUG org.apache.poi.openxml4j.opc.ZipPackage - Save part 'xl/worksheets/sheet1.xml'
12:02:00.706 [main] DEBUG org.apache.poi.openxml4j.opc.ZipPackage - Save part 'xl/worksheets/sheet2.xml'
12:02:00.707 [main] DEBUG org.apache.poi.openxml4j.opc.ZipPackage - Save part 'xl/worksheets/sheet3.xml'
12:02:02.938 [main] DEBUG org.apache.poi.openxml4j.opc.PackageRelationshipCollection - Parsing relationship: /xl/_rels/workbook.xml.rels
12:02:02.939 [main] DEBUG org.apache.poi.openxml4j.opc.PackageRelationshipCollection - Parsing relationship: /xl/worksheets/_rels/sheet1.xml.rels
12:02:02.940 [main] DEBUG org.apache.poi.openxml4j.opc.PackageRelationshipCollection - Parsing relationship: /_rels/.rels
12:02:02.949 [main] DEBUG org.apache.poi.ooxml.POIXMLFactory - using default POIXMLDocumentPart for http://schemas.openxmlformats.org/officeDocument/2006/relationships/printerSettings
12:02:02.970 [main] DEBUG org.apache.poi.openxml4j.opc.ZipPackage - Save content types part
12:02:02.972 [main] DEBUG org.apache.poi.openxml4j.opc.ZipPackage - Save package relationships
12:02:02.974 [main] DEBUG org.apache.poi.openxml4j.opc.ZipPackage - Save part 'docProps/app.xml'
12:02:02.975 [main] DEBUG org.apache.poi.openxml4j.opc.ZipPackage - Save part 'docProps/core.xml'
12:02:02.978 [main] DEBUG org.apache.poi.openxml4j.opc.ZipPackage - Save part 'xl/printerSettings/printerSettings1.bin'
12:02:02.979 [main] DEBUG org.apache.poi.openxml4j.opc.ZipPackage - Save part 'xl/sharedStrings.xml'
12:02:02.979 [main] DEBUG org.apache.poi.openxml4j.opc.ZipPackage - Save part 'xl/styles.xml'
12:02:02.980 [main] DEBUG org.apache.poi.openxml4j.opc.ZipPackage - Save part 'xl/theme/theme1.xml'
12:02:02.980 [main] DEBUG org.apache.poi.openxml4j.opc.ZipPackage - Save part 'xl/workbook.xml'
12:02:02.983 [main] DEBUG org.apache.poi.openxml4j.opc.ZipPackage - Save part 'xl/worksheets/sheet1.xml'
12:02:02.985 [main] DEBUG org.apache.poi.openxml4j.opc.ZipPackage - Save part 'xl/worksheets/sheet2.xml'
12:02:02.986 [main] DEBUG org.apache.poi.openxml4j.opc.ZipPackage - Save part 'xl/worksheets/sheet3.xml'
12:02:05.179 [main] DEBUG org.apache.poi.openxml4j.opc.PackageRelationshipCollection - Parsing relationship: /xl/_rels/workbook.xml.rels
12:02:05.179 [main] DEBUG org.apache.poi.openxml4j.opc.PackageRelationshipCollection - Parsing relationship: /xl/worksheets/_rels/sheet1.xml.rels
12:02:05.180 [main] DEBUG org.apache.poi.openxml4j.opc.PackageRelationshipCollection - Parsing relationship: /_rels/.rels
12:02:05.190 [main] DEBUG org.apache.poi.ooxml.POIXMLFactory - using default POIXMLDocumentPart for http://schemas.openxmlformats.org/officeDocument/2006/relationships/printerSettings
12:02:05.210 [main] DEBUG org.apache.poi.openxml4j.opc.ZipPackage - Save content types part
12:02:05.213 [main] DEBUG org.apache.poi.openxml4j.opc.ZipPackage - Save package relationships
12:02:05.214 [main] DEBUG org.apache.poi.openxml4j.opc.ZipPackage - Save part 'docProps/app.xml'
12:02:05.216 [main] DEBUG org.apache.poi.openxml4j.opc.ZipPackage - Save part 'docProps/core.xml'
12:02:05.219 [main] DEBUG org.apache.poi.openxml4j.opc.ZipPackage - Save part 'xl/printerSettings/printerSettings1.bin'
12:02:05.219 [main] DEBUG org.apache.poi.openxml4j.opc.ZipPackage - Save part 'xl/sharedStrings.xml'
12:02:05.220 [main] DEBUG org.apache.poi.openxml4j.opc.ZipPackage - Save part 'xl/styles.xml'
12:02:05.220 [main] DEBUG org.apache.poi.openxml4j.opc.ZipPackage - Save part 'xl/theme/theme1.xml'
12:02:05.221 [main] DEBUG org.apache.poi.openxml4j.opc.ZipPackage - Save part 'xl/workbook.xml'
12:02:05.224 [main] DEBUG org.apache.poi.openxml4j.opc.ZipPackage - Save part 'xl/worksheets/sheet1.xml'
12:02:05.227 [main] DEBUG org.apache.poi.openxml4j.opc.ZipPackage - Save part 'xl/worksheets/sheet2.xml'
12:02:05.227 [main] DEBUG org.apache.poi.openxml4j.opc.ZipPackage - Save part 'xl/worksheets/sheet3.xml'
12:02:07.452 [main] DEBUG org.apache.poi.openxml4j.opc.PackageRelationshipCollection - Parsing relationship: /xl/_rels/workbook.xml.rels
12:02:07.453 [main] DEBUG org.apache.poi.openxml4j.opc.PackageRelationshipCollection - Parsing relationship: /xl/worksheets/_rels/sheet1.xml.rels
12:02:07.454 [main] DEBUG org.apache.poi.openxml4j.opc.PackageRelationshipCollection - Parsing relationship: /_rels/.rels
12:02:07.462 [main] DEBUG org.apache.poi.ooxml.POIXMLFactory - using default POIXMLDocumentPart for http://schemas.openxmlformats.org/officeDocument/2006/relationships/printerSettings
12:02:07.479 [main] DEBUG org.apache.poi.openxml4j.opc.ZipPackage - Save content types part
12:02:07.480 [main] DEBUG org.apache.poi.openxml4j.opc.ZipPackage - Save package relationships
12:02:07.482 [main] DEBUG org.apache.poi.openxml4j.opc.ZipPackage - Save part 'docProps/app.xml'
12:02:07.482 [main] DEBUG org.apache.poi.openxml4j.opc.ZipPackage - Save part 'docProps/core.xml'
12:02:07.485 [main] DEBUG org.apache.poi.openxml4j.opc.ZipPackage - Save part 'xl/printerSettings/printerSettings1.bin'
12:02:07.487 [main] DEBUG org.apache.poi.openxml4j.opc.ZipPackage - Save part 'xl/sharedStrings.xml'
12:02:07.487 [main] DEBUG org.apache.poi.openxml4j.opc.ZipPackage - Save part 'xl/styles.xml'
12:02:07.487 [main] DEBUG org.apache.poi.openxml4j.opc.ZipPackage - Save part 'xl/theme/theme1.xml'
12:02:07.488 [main] DEBUG org.apache.poi.openxml4j.opc.ZipPackage - Save part 'xl/workbook.xml'
12:02:07.490 [main] DEBUG org.apache.poi.openxml4j.opc.ZipPackage - Save part 'xl/worksheets/sheet1.xml'
12:02:07.492 [main] DEBUG org.apache.poi.openxml4j.opc.ZipPackage - Save part 'xl/worksheets/sheet2.xml'
12:02:07.493 [main] DEBUG org.apache.poi.openxml4j.opc.ZipPackage - Save part 'xl/worksheets/sheet3.xml'
12:02:09.726 [main] DEBUG org.apache.poi.openxml4j.opc.PackageRelationshipCollection - Parsing relationship: /xl/_rels/workbook.xml.rels
12:02:09.727 [main] DEBUG org.apache.poi.openxml4j.opc.PackageRelationshipCollection - Parsing relationship: /xl/worksheets/_rels/sheet1.xml.rels
12:02:09.728 [main] DEBUG org.apache.poi.openxml4j.opc.PackageRelationshipCollection - Parsing relationship: /_rels/.rels
12:02:09.738 [main] DEBUG org.apache.poi.ooxml.POIXMLFactory - using default POIXMLDocumentPart for http://schemas.openxmlformats.org/officeDocument/2006/relationships/printerSettings
12:02:09.762 [main] DEBUG org.apache.poi.openxml4j.opc.ZipPackage - Save content types part
12:02:09.765 [main] DEBUG org.apache.poi.openxml4j.opc.ZipPackage - Save package relationships
12:02:09.766 [main] DEBUG org.apache.poi.openxml4j.opc.ZipPackage - Save part 'docProps/app.xml'
12:02:09.767 [main] DEBUG org.apache.poi.openxml4j.opc.ZipPackage - Save part 'docProps/core.xml'
12:02:09.770 [main] DEBUG org.apache.poi.openxml4j.opc.ZipPackage - Save part 'xl/printerSettings/printerSettings1.bin'
12:02:09.771 [main] DEBUG org.apache.poi.openxml4j.opc.ZipPackage - Save part 'xl/sharedStrings.xml'
12:02:09.771 [main] DEBUG org.apache.poi.openxml4j.opc.ZipPackage - Save part 'xl/styles.xml'
12:02:09.772 [main] DEBUG org.apache.poi.openxml4j.opc.ZipPackage - Save part 'xl/theme/theme1.xml'
12:02:09.772 [main] DEBUG org.apache.poi.openxml4j.opc.ZipPackage - Save part 'xl/workbook.xml'
12:02:09.775 [main] DEBUG org.apache.poi.openxml4j.opc.ZipPackage - Save part 'xl/worksheets/sheet1.xml'
12:02:09.776 [main] DEBUG org.apache.poi.openxml4j.opc.ZipPackage - Save part 'xl/worksheets/sheet2.xml'
12:02:09.777 [main] DEBUG org.apache.poi.openxml4j.opc.ZipPackage - Save part 'xl/worksheets/sheet3.xml'
12:02:12.003 [main] DEBUG org.apache.poi.openxml4j.opc.PackageRelationshipCollection - Parsing relationship: /xl/_rels/workbook.xml.rels
12:02:12.004 [main] DEBUG org.apache.poi.openxml4j.opc.PackageRelationshipCollection - Parsing relationship: /xl/worksheets/_rels/sheet1.xml.rels
12:02:12.005 [main] DEBUG org.apache.poi.openxml4j.opc.PackageRelationshipCollection - Parsing relationship: /_rels/.rels
12:02:12.016 [main] DEBUG org.apache.poi.ooxml.POIXMLFactory - using default POIXMLDocumentPart for http://schemas.openxmlformats.org/officeDocument/2006/relationships/printerSettings
12:02:12.039 [main] DEBUG org.apache.poi.openxml4j.opc.ZipPackage - Save content types part
12:02:12.041 [main] DEBUG org.apache.poi.openxml4j.opc.ZipPackage - Save package relationships
12:02:12.043 [main] DEBUG org.apache.poi.openxml4j.opc.ZipPackage - Save part 'docProps/app.xml'
12:02:12.044 [main] DEBUG org.apache.poi.openxml4j.opc.ZipPackage - Save part 'docProps/core.xml'
12:02:12.047 [main] DEBUG org.apache.poi.openxml4j.opc.ZipPackage - Save part 'xl/printerSettings/printerSettings1.bin'
12:02:12.048 [main] DEBUG org.apache.poi.openxml4j.opc.ZipPackage - Save part 'xl/sharedStrings.xml'
12:02:12.048 [main] DEBUG org.apache.poi.openxml4j.opc.ZipPackage - Save part 'xl/styles.xml'
12:02:12.049 [main] DEBUG org.apache.poi.openxml4j.opc.ZipPackage - Save part 'xl/theme/theme1.xml'
12:02:12.050 [main] DEBUG org.apache.poi.openxml4j.opc.ZipPackage - Save part 'xl/workbook.xml'
12:02:12.053 [main] DEBUG org.apache.poi.openxml4j.opc.ZipPackage - Save part 'xl/worksheets/sheet1.xml'
12:02:12.056 [main] DEBUG org.apache.poi.openxml4j.opc.ZipPackage - Save part 'xl/worksheets/sheet2.xml'
12:02:12.057 [main] DEBUG org.apache.poi.openxml4j.opc.ZipPackage - Save part 'xl/worksheets/sheet3.xml'
12:02:14.282 [main] DEBUG org.apache.poi.openxml4j.opc.PackageRelationshipCollection - Parsing relationship: /xl/_rels/workbook.xml.rels
12:02:14.283 [main] DEBUG org.apache.poi.openxml4j.opc.PackageRelationshipCollection - Parsing relationship: /xl/worksheets/_rels/sheet1.xml.rels
12:02:14.284 [main] DEBUG org.apache.poi.openxml4j.opc.PackageRelationshipCollection - Parsing relationship: /_rels/.rels
12:02:14.293 [main] DEBUG org.apache.poi.ooxml.POIXMLFactory - using default POIXMLDocumentPart for http://schemas.openxmlformats.org/officeDocument/2006/relationships/printerSettings
12:02:14.308 [main] DEBUG org.apache.poi.openxml4j.opc.ZipPackage - Save content types part
12:02:14.309 [main] DEBUG org.apache.poi.openxml4j.opc.ZipPackage - Save package relationships
12:02:14.311 [main] DEBUG org.apache.poi.openxml4j.opc.ZipPackage - Save part 'docProps/app.xml'
12:02:14.311 [main] DEBUG org.apache.poi.openxml4j.opc.ZipPackage - Save part 'docProps/core.xml'
12:02:14.313 [main] DEBUG org.apache.poi.openxml4j.opc.ZipPackage - Save part 'xl/printerSettings/printerSettings1.bin'
12:02:14.313 [main] DEBUG org.apache.poi.openxml4j.opc.ZipPackage - Save part 'xl/sharedStrings.xml'
12:02:14.314 [main] DEBUG org.apache.poi.openxml4j.opc.ZipPackage - Save part 'xl/styles.xml'
12:02:14.314 [main] DEBUG org.apache.poi.openxml4j.opc.ZipPackage - Save part 'xl/theme/theme1.xml'
12:02:14.315 [main] DEBUG org.apache.poi.openxml4j.opc.ZipPackage - Save part 'xl/workbook.xml'
12:02:14.316 [main] DEBUG org.apache.poi.openxml4j.opc.ZipPackage - Save part 'xl/worksheets/sheet1.xml'
12:02:14.318 [main] DEBUG org.apache.poi.openxml4j.opc.ZipPackage - Save part 'xl/worksheets/sheet2.xml'
12:02:14.319 [main] DEBUG org.apache.poi.openxml4j.opc.ZipPackage - Save part 'xl/worksheets/sheet3.xml'
12:02:16.562 [main] DEBUG org.apache.poi.openxml4j.opc.PackageRelationshipCollection - Parsing relationship: /xl/_rels/workbook.xml.rels
12:02:16.563 [main] DEBUG org.apache.poi.openxml4j.opc.PackageRelationshipCollection - Parsing relationship: /xl/worksheets/_rels/sheet1.xml.rels
12:02:16.564 [main] DEBUG org.apache.poi.openxml4j.opc.PackageRelationshipCollection - Parsing relationship: /_rels/.rels
12:02:16.574 [main] DEBUG org.apache.poi.ooxml.POIXMLFactory - using default POIXMLDocumentPart for http://schemas.openxmlformats.org/officeDocument/2006/relationships/printerSettings
12:02:16.600 [main] DEBUG org.apache.poi.openxml4j.opc.ZipPackage - Save content types part
12:02:16.602 [main] DEBUG org.apache.poi.openxml4j.opc.ZipPackage - Save package relationships
12:02:16.604 [main] DEBUG org.apache.poi.openxml4j.opc.ZipPackage - Save part 'docProps/app.xml'
12:02:16.605 [main] DEBUG org.apache.poi.openxml4j.opc.ZipPackage - Save part 'docProps/core.xml'
12:02:16.608 [main] DEBUG org.apache.poi.openxml4j.opc.ZipPackage - Save part 'xl/printerSettings/printerSettings1.bin'
12:02:16.608 [main] DEBUG org.apache.poi.openxml4j.opc.ZipPackage - Save part 'xl/sharedStrings.xml'
12:02:16.609 [main] DEBUG org.apache.poi.openxml4j.opc.ZipPackage - Save part 'xl/styles.xml'
12:02:16.609 [main] DEBUG org.apache.poi.openxml4j.opc.ZipPackage - Save part 'xl/theme/theme1.xml'
12:02:16.610 [main] DEBUG org.apache.poi.openxml4j.opc.ZipPackage - Save part 'xl/workbook.xml'
12:02:16.613 [main] DEBUG org.apache.poi.openxml4j.opc.ZipPackage - Save part 'xl/worksheets/sheet1.xml'
12:02:16.618 [main] DEBUG org.apache.poi.openxml4j.opc.ZipPackage - Save part 'xl/worksheets/sheet2.xml'
12:02:16.619 [main] DEBUG org.apache.poi.openxml4j.opc.ZipPackage - Save part 'xl/worksheets/sheet3.xml'
12:02:18.891 [main] DEBUG org.apache.poi.openxml4j.opc.PackageRelationshipCollection - Parsing relationship: /xl/_rels/workbook.xml.rels
12:02:18.892 [main] DEBUG org.apache.poi.openxml4j.opc.PackageRelationshipCollection - Parsing relationship: /xl/worksheets/_rels/sheet1.xml.rels
12:02:18.893 [main] DEBUG org.apache.poi.openxml4j.opc.PackageRelationshipCollection - Parsing relationship: /_rels/.rels
12:02:18.903 [main] DEBUG org.apache.poi.ooxml.POIXMLFactory - using default POIXMLDocumentPart for http://schemas.openxmlformats.org/officeDocument/2006/relationships/printerSettings
12:02:18.925 [main] DEBUG org.apache.poi.openxml4j.opc.ZipPackage - Save content types part
12:02:18.927 [main] DEBUG org.apache.poi.openxml4j.opc.ZipPackage - Save package relationships
12:02:18.929 [main] DEBUG org.apache.poi.openxml4j.opc.ZipPackage - Save part 'docProps/app.xml'
12:02:18.929 [main] DEBUG org.apache.poi.openxml4j.opc.ZipPackage - Save part 'docProps/core.xml'
12:02:18.932 [main] DEBUG org.apache.poi.openxml4j.opc.ZipPackage - Save part 'xl/printerSettings/printerSettings1.bin'
12:02:18.932 [main] DEBUG org.apache.poi.openxml4j.opc.ZipPackage - Save part 'xl/sharedStrings.xml'
12:02:18.933 [main] DEBUG org.apache.poi.openxml4j.opc.ZipPackage - Save part 'xl/styles.xml'
12:02:18.934 [main] DEBUG org.apache.poi.openxml4j.opc.ZipPackage - Save part 'xl/theme/theme1.xml'
12:02:18.935 [main] DEBUG org.apache.poi.openxml4j.opc.ZipPackage - Save part 'xl/workbook.xml'
12:02:18.945 [main] DEBUG org.apache.poi.openxml4j.opc.ZipPackage - Save part 'xl/worksheets/sheet1.xml'
12:02:18.947 [main] DEBUG org.apache.poi.openxml4j.opc.ZipPackage - Save part 'xl/worksheets/sheet2.xml'
12:02:18.948 [main] DEBUG org.apache.poi.openxml4j.opc.ZipPackage - Save part 'xl/worksheets/sheet3.xml'
12:03:33.486 [main] DEBUG org.apache.poi.openxml4j.opc.PackageRelationshipCollection - Parsing relationship: /xl/_rels/workbook.xml.rels
12:03:33.487 [main] DEBUG org.apache.poi.openxml4j.opc.PackageRelationshipCollection - Parsing relationship: /xl/worksheets/_rels/sheet1.xml.rels
12:03:33.487 [main] DEBUG org.apache.poi.openxml4j.opc.PackageRelationshipCollection - Parsing relationship: /_rels/.rels
12:03:33.496 [main] DEBUG org.apache.poi.ooxml.POIXMLFactory - using default POIXMLDocumentPart for http://schemas.openxmlformats.org/officeDocument/2006/relationships/printerSettings
12:04:30.908 [main] DEBUG org.apache.poi.openxml4j.opc.PackageRelationshipCollection - Parsing relationship: /xl/_rels/workbook.xml.rels
12:04:30.908 [main] DEBUG org.apache.poi.openxml4j.opc.PackageRelationshipCollection - Parsing relationship: /xl/worksheets/_rels/sheet1.xml.rels
12:04:30.909 [main] DEBUG org.apache.poi.openxml4j.opc.PackageRelationshipCollection - Parsing relationship: /_rels/.rels
12:04:30.919 [main] DEBUG org.apache.poi.ooxml.POIXMLFactory - using default POIXMLDocumentPart for http://schemas.openxmlformats.org/officeDocument/2006/relationships/printerSettings
12:04:30.938 [main] DEBUG org.apache.poi.openxml4j.opc.ZipPackage - Save content types part
12:04:30.940 [main] DEBUG org.apache.poi.openxml4j.opc.ZipPackage - Save package relationships
12:04:30.943 [main] DEBUG org.apache.poi.openxml4j.opc.ZipPackage - Save part 'docProps/app.xml'
12:04:30.943 [main] DEBUG org.apache.poi.openxml4j.opc.ZipPackage - Save part 'docProps/core.xml'
12:04:30.946 [main] DEBUG org.apache.poi.openxml4j.opc.ZipPackage - Save part 'xl/printerSettings/printerSettings1.bin'
12:04:30.947 [main] DEBUG org.apache.poi.openxml4j.opc.ZipPackage - Save part 'xl/sharedStrings.xml'
12:04:30.948 [main] DEBUG org.apache.poi.openxml4j.opc.ZipPackage - Save part 'xl/styles.xml'
12:04:30.949 [main] DEBUG org.apache.poi.openxml4j.opc.ZipPackage - Save part 'xl/theme/theme1.xml'
12:04:30.950 [main] DEBUG org.apache.poi.openxml4j.opc.ZipPackage - Save part 'xl/workbook.xml'
12:04:30.952 [main] DEBUG org.apache.poi.openxml4j.opc.ZipPackage - Save part 'xl/worksheets/sheet1.xml'
12:04:30.954 [main] DEBUG org.apache.poi.openxml4j.opc.ZipPackage - Save part 'xl/worksheets/sheet2.xml'
12:04:30.955 [main] DEBUG org.apache.poi.openxml4j.opc.ZipPackage - Save part 'xl/worksheets/sheet3.xml'
12:04:31.049 [main] DEBUG org.apache.poi.openxml4j.opc.PackageRelationshipCollection - Parsing relationship: /xl/_rels/workbook.xml.rels
12:04:31.049 [main] DEBUG org.apache.poi.openxml4j.opc.PackageRelationshipCollection - Parsing relationship: /xl/worksheets/_rels/sheet1.xml.rels
12:04:31.050 [main] DEBUG org.apache.poi.openxml4j.opc.PackageRelationshipCollection - Parsing relationship: /_rels/.rels
12:04:31.057 [main] DEBUG org.apache.poi.ooxml.POIXMLFactory - using default POIXMLDocumentPart for http://schemas.openxmlformats.org/officeDocument/2006/relationships/printerSettings
12:04:31.072 [main] DEBUG org.apache.poi.openxml4j.opc.ZipPackage - Save content types part
12:04:31.074 [main] DEBUG org.apache.poi.openxml4j.opc.ZipPackage - Save package relationships
12:04:31.075 [main] DEBUG org.apache.poi.openxml4j.opc.ZipPackage - Save part 'docProps/app.xml'
12:04:31.076 [main] DEBUG org.apache.poi.openxml4j.opc.ZipPackage - Save part 'docProps/core.xml'
12:04:31.077 [main] DEBUG org.apache.poi.openxml4j.opc.ZipPackage - Save part 'xl/printerSettings/printerSettings1.bin'
12:04:31.079 [main] DEBUG org.apache.poi.openxml4j.opc.ZipPackage - Save part 'xl/sharedStrings.xml'
12:04:31.079 [main] DEBUG org.apache.poi.openxml4j.opc.ZipPackage - Save part 'xl/styles.xml'
12:04:31.079 [main] DEBUG org.apache.poi.openxml4j.opc.ZipPackage - Save part 'xl/theme/theme1.xml'
12:04:31.079 [main] DEBUG org.apache.poi.openxml4j.opc.ZipPackage - Save part 'xl/workbook.xml'
12:04:31.082 [main] DEBUG org.apache.poi.openxml4j.opc.ZipPackage - Save part 'xl/worksheets/sheet1.xml'
12:04:31.083 [main] DEBUG org.apache.poi.openxml4j.opc.ZipPackage - Save part 'xl/worksheets/sheet2.xml'
12:04:31.084 [main] DEBUG org.apache.poi.openxml4j.opc.ZipPackage - Save part 'xl/worksheets/sheet3.xml'
12:04:31.177 [main] DEBUG org.apache.poi.openxml4j.opc.PackageRelationshipCollection - Parsing relationship: /xl/_rels/workbook.xml.rels
12:04:31.178 [main] DEBUG org.apache.poi.openxml4j.opc.PackageRelationshipCollection - Parsing relationship: /xl/worksheets/_rels/sheet1.xml.rels
12:04:31.178 [main] DEBUG org.apache.poi.openxml4j.opc.PackageRelationshipCollection - Parsing relationship: /_rels/.rels
12:04:31.186 [main] DEBUG org.apache.poi.ooxml.POIXMLFactory - using default POIXMLDocumentPart for http://schemas.openxmlformats.org/officeDocument/2006/relationships/printerSettings
12:04:31.203 [main] DEBUG org.apache.poi.openxml4j.opc.ZipPackage - Save content types part
12:04:31.205 [main] DEBUG org.apache.poi.openxml4j.opc.ZipPackage - Save package relationships
12:04:31.207 [main] DEBUG org.apache.poi.openxml4j.opc.ZipPackage - Save part 'docProps/app.xml'
12:04:31.208 [main] DEBUG org.apache.poi.openxml4j.opc.ZipPackage - Save part 'docProps/core.xml'
12:04:31.210 [main] DEBUG org.apache.poi.openxml4j.opc.ZipPackage - Save part 'xl/printerSettings/printerSettings1.bin'
12:04:31.210 [main] DEBUG org.apache.poi.openxml4j.opc.ZipPackage - Save part 'xl/sharedStrings.xml'
12:04:31.211 [main] DEBUG org.apache.poi.openxml4j.opc.ZipPackage - Save part 'xl/styles.xml'
12:04:31.211 [main] DEBUG org.apache.poi.openxml4j.opc.ZipPackage - Save part 'xl/theme/theme1.xml'
12:04:31.212 [main] DEBUG org.apache.poi.openxml4j.opc.ZipPackage - Save part 'xl/workbook.xml'
12:04:31.215 [main] DEBUG org.apache.poi.openxml4j.opc.ZipPackage - Save part 'xl/worksheets/sheet1.xml'
12:04:31.217 [main] DEBUG org.apache.poi.openxml4j.opc.ZipPackage - Save part 'xl/worksheets/sheet2.xml'
12:04:31.218 [main] DEBUG org.apache.poi.openxml4j.opc.ZipPackage - Save part 'xl/worksheets/sheet3.xml'
12:04:31.375 [main] DEBUG org.apache.poi.openxml4j.opc.PackageRelationshipCollection - Parsing relationship: /xl/_rels/workbook.xml.rels
12:04:31.376 [main] DEBUG org.apache.poi.openxml4j.opc.PackageRelationshipCollection - Parsing relationship: /xl/worksheets/_rels/sheet1.xml.rels
12:04:31.377 [main] DEBUG org.apache.poi.openxml4j.opc.PackageRelationshipCollection - Parsing relationship: /_rels/.rels
12:04:31.389 [main] DEBUG org.apache.poi.ooxml.POIXMLFactory - using default POIXMLDocumentPart for http://schemas.openxmlformats.org/officeDocument/2006/relationships/printerSettings
12:04:31.412 [main] DEBUG org.apache.poi.openxml4j.opc.ZipPackage - Save content types part
12:04:31.415 [main] DEBUG org.apache.poi.openxml4j.opc.ZipPackage - Save package relationships
12:04:31.417 [main] DEBUG org.apache.poi.openxml4j.opc.ZipPackage - Save part 'docProps/app.xml'
12:04:31.417 [main] DEBUG org.apache.poi.openxml4j.opc.ZipPackage - Save part 'docProps/core.xml'
12:04:31.419 [main] DEBUG org.apache.poi.openxml4j.opc.ZipPackage - Save part 'xl/printerSettings/printerSettings1.bin'
12:04:31.420 [main] DEBUG org.apache.poi.openxml4j.opc.ZipPackage - Save part 'xl/sharedStrings.xml'
12:04:31.420 [main] DEBUG org.apache.poi.openxml4j.opc.ZipPackage - Save part 'xl/styles.xml'
12:04:31.421 [main] DEBUG org.apache.poi.openxml4j.opc.ZipPackage - Save part 'xl/theme/theme1.xml'
12:04:31.421 [main] DEBUG org.apache.poi.openxml4j.opc.ZipPackage - Save part 'xl/workbook.xml'
12:04:31.423 [main] DEBUG org.apache.poi.openxml4j.opc.ZipPackage - Save part 'xl/worksheets/sheet1.xml'
12:04:31.425 [main] DEBUG org.apache.poi.openxml4j.opc.ZipPackage - Save part 'xl/worksheets/sheet2.xml'
12:04:31.426 [main] DEBUG org.apache.poi.openxml4j.opc.ZipPackage - Save part 'xl/worksheets/sheet3.xml'
12:04:31.518 [main] DEBUG org.apache.poi.openxml4j.opc.PackageRelationshipCollection - Parsing relationship: /xl/_rels/workbook.xml.rels
12:04:31.519 [main] DEBUG org.apache.poi.openxml4j.opc.PackageRelationshipCollection - Parsing relationship: /xl/worksheets/_rels/sheet1.xml.rels
12:04:31.520 [main] DEBUG org.apache.poi.openxml4j.opc.PackageRelationshipCollection - Parsing relationship: /_rels/.rels
12:04:31.529 [main] DEBUG org.apache.poi.ooxml.POIXMLFactory - using default POIXMLDocumentPart for http://schemas.openxmlformats.org/officeDocument/2006/relationships/printerSettings
12:04:31.557 [main] DEBUG org.apache.poi.openxml4j.opc.ZipPackage - Save content types part
12:04:31.559 [main] DEBUG org.apache.poi.openxml4j.opc.ZipPackage - Save package relationships
12:04:31.561 [main] DEBUG org.apache.poi.openxml4j.opc.ZipPackage - Save part 'docProps/app.xml'
12:04:31.561 [main] DEBUG org.apache.poi.openxml4j.opc.ZipPackage - Save part 'docProps/core.xml'
12:04:31.564 [main] DEBUG org.apache.poi.openxml4j.opc.ZipPackage - Save part 'xl/printerSettings/printerSettings1.bin'
12:04:31.565 [main] DEBUG org.apache.poi.openxml4j.opc.ZipPackage - Save part 'xl/sharedStrings.xml'
12:04:31.566 [main] DEBUG org.apache.poi.openxml4j.opc.ZipPackage - Save part 'xl/styles.xml'
12:04:31.567 [main] DEBUG org.apache.poi.openxml4j.opc.ZipPackage - Save part 'xl/theme/theme1.xml'
12:04:31.568 [main] DEBUG org.apache.poi.openxml4j.opc.ZipPackage - Save part 'xl/workbook.xml'
12:04:31.570 [main] DEBUG org.apache.poi.openxml4j.opc.ZipPackage - Save part 'xl/worksheets/sheet1.xml'
12:04:31.572 [main] DEBUG org.apache.poi.openxml4j.opc.ZipPackage - Save part 'xl/worksheets/sheet2.xml'
12:04:31.573 [main] DEBUG org.apache.poi.openxml4j.opc.ZipPackage - Save part 'xl/worksheets/sheet3.xml'
12:04:31.666 [main] DEBUG org.apache.poi.openxml4j.opc.PackageRelationshipCollection - Parsing relationship: /xl/_rels/workbook.xml.rels
12:04:31.667 [main] DEBUG org.apache.poi.openxml4j.opc.PackageRelationshipCollection - Parsing relationship: /xl/worksheets/_rels/sheet1.xml.rels
12:04:31.668 [main] DEBUG org.apache.poi.openxml4j.opc.PackageRelationshipCollection - Parsing relationship: /_rels/.rels
12:04:31.677 [main] DEBUG org.apache.poi.ooxml.POIXMLFactory - using default POIXMLDocumentPart for http://schemas.openxmlformats.org/officeDocument/2006/relationships/printerSettings
12:04:31.698 [main] DEBUG org.apache.poi.openxml4j.opc.ZipPackage - Save content types part
12:04:31.700 [main] DEBUG org.apache.poi.openxml4j.opc.ZipPackage - Save package relationships
12:04:31.702 [main] DEBUG org.apache.poi.openxml4j.opc.ZipPackage - Save part 'docProps/app.xml'
12:04:31.703 [main] DEBUG org.apache.poi.openxml4j.opc.ZipPackage - Save part 'docProps/core.xml'
12:04:31.705 [main] DEBUG org.apache.poi.openxml4j.opc.ZipPackage - Save part 'xl/printerSettings/printerSettings1.bin'
12:04:31.705 [main] DEBUG org.apache.poi.openxml4j.opc.ZipPackage - Save part 'xl/sharedStrings.xml'
12:04:31.705 [main] DEBUG org.apache.poi.openxml4j.opc.ZipPackage - Save part 'xl/styles.xml'
12:04:31.705 [main] DEBUG org.apache.poi.openxml4j.opc.ZipPackage - Save part 'xl/theme/theme1.xml'
12:04:31.706 [main] DEBUG org.apache.poi.openxml4j.opc.ZipPackage - Save part 'xl/workbook.xml'
12:04:31.708 [main] DEBUG org.apache.poi.openxml4j.opc.ZipPackage - Save part 'xl/worksheets/sheet1.xml'
12:04:31.710 [main] DEBUG org.apache.poi.openxml4j.opc.ZipPackage - Save part 'xl/worksheets/sheet2.xml'
12:04:31.710 [main] DEBUG org.apache.poi.openxml4j.opc.ZipPackage - Save part 'xl/worksheets/sheet3.xml'
12:04:31.942 [main] DEBUG org.apache.poi.openxml4j.opc.PackageRelationshipCollection - Parsing relationship: /xl/_rels/workbook.xml.rels
12:04:31.943 [main] DEBUG org.apache.poi.openxml4j.opc.PackageRelationshipCollection - Parsing relationship: /xl/worksheets/_rels/sheet1.xml.rels
12:04:31.944 [main] DEBUG org.apache.poi.openxml4j.opc.PackageRelationshipCollection - Parsing relationship: /_rels/.rels
